{'Name': 'faeze mahmoudi', 'Location': 'Iran', 'about': 'computer engineer', 'time': datetime.datetime(2022, 6, 27, 16, 51, 23, 386413)}
{'Name': 'Arian Omidvariy', 'Location': 'Mashhad, Khorasan, Iran', 'about': 'UX Specialist & UI Designer', 'time': datetime.datetime(2022, 6, 27, 16, 51, 23, 386413)}
{'Name': 'Farsheed Dehghan', 'Location': 'Greater Tehran, Tehran, Iran', 'about': 'Love all, Serve All', 'time': datetime.datetime(2022, 6, 27, 16, 51, 23, 386413)}
{'Name': 'fatima mahdavi', 'Location': 'Tehran, Tehran, Iran', 'about': 'Attended Amirkabir University of Technology - Tehran Polytechnic', 'time': datetime.datetime(2022, 6, 27, 16, 51, 23, 386413)}
{'Name': 'Shahrzad Haji Amin Shirazi', 'Location': 'Riverside, California, United States', 'about': 'Research Assistant at University of California, Riverside', 'time': datetime.datetime(2022, 6, 27, 16, 51, 23, 386413)}
{'Name': 'Saeedeh Momtazi', 'Location': 'Iran', 'about': 'Associate Professor of Artificial Intelligence at Amirkabir University of Technology', 'time': datetime.datetime(2022, 6, 27, 16, 51, 23, 386413)}
{'Name': 'Mohammad Hossein Jamaati', 'Location': 'Tehran, Iran', 'about': 'Industrial engineer @ Sharif university of technology ï PMO @ TURKAPP.IR | Ê—ò «Å', 'time': datetime.datetime(2022, 6, 27, 16, 51, 23, 386413)}
{'Name': 'Ahmad Rahbari', 'Location': 'Iran', 'about': 'Management at presenter marine service & security equipment', 'time': datetime.datetime(2022, 6, 27, 16, 51, 23, 386413)}
{'Name': 'Maryam Amir Haeri', 'Location': 'Germany', 'about': 'Assistant Professor at University of Twente', 'time': datetime.datetime(2022, 6, 27, 16, 51, 23, 386413)}
{'Name': 'Ahmadreza Khakpour', 'Location': 'Tehran, Iran', 'about': 'MBA Student at University of Tehran | Junior HR Specialist at SnappTrip!', 'time': datetime.datetime(2022, 6, 27, 16, 51, 23, 386413)}
{'Name': 'Ahmad Nickabadi', 'Location': 'Iran', 'about': 'Assistant Professor at Amirkabir University of Technology', 'time': datetime.datetime(2022, 6, 27, 16, 51, 23, 386413)}
{'Name': 'MirMahmoud (manee) Edalat', 'Location': 'Mashhad, Khorasan, Iran', 'about': 'MSc of Applied Mathematics & MSc student of Industrial Engineering | Data scientist | Python | Sql', 'time': datetime.datetime(2022, 6, 27, 16, 51, 23, 386413)}
{'Name': 'Zahra Arani', 'Location': 'Tehran, Tehran, Iran', 'about': 'Graduate student at Amirkabir University of Technology', 'time': datetime.datetime(2022, 6, 27, 16, 51, 23, 386413)}
{'Name': 'Emran BatmanGhelich', 'Location': 'Tehran, Iran', 'about': 'Senior Software Engineer at Divar', 'time': datetime.datetime(2022, 6, 27, 16, 51, 23, 386413)}
{'Name': 'Soroush Barmaki', 'Location': 'Iran', 'about': 'Data Scientist @ Myket', 'time': datetime.datetime(2022, 6, 27, 16, 51, 23, 386413)}
{'Name': 'Zeinab Khalvandi', 'Location': 'Tehran, Tehran, Iran', 'about': 'Student at Amirkabir University of Technology - Tehran Polytechnic', 'time': datetime.datetime(2022, 6, 27, 16, 51, 23, 386413)}
{'Name': 'Mehry Moosaei', 'Location': 'Iran', 'about': 'Student at Sharif University of Technology', 'time': datetime.datetime(2022, 6, 27, 16, 51, 23, 386413)}
{'Name': 'Vajihe Tarahomi', 'Location': 'Iran', 'about': 'Student at Amirkabir University of Technology - Tehran Polytechnic - Secure Computing', 'time': datetime.datetime(2022, 6, 27, 16, 51, 23, 386413)}
{'Name': 'Gita Tabe Jamaat', 'Location': 'Iran', 'about': 'Student at Amirkabir University of Technology - Tehran Polytechnic', 'time': datetime.datetime(2022, 6, 27, 16, 51, 23, 386413)}
{'Name': 'Wilschi Wilsch', 'Location': 'Gr¸nwald, Bavaria, Germany', 'about': 'Der Wilsch-Avatar', 'time': datetime.datetime(2022, 6, 27, 16, 51, 23, 386413)}
{'Name': 'afshin khaleghi', 'Location': 'Tehran, Iran', 'about': 'Software developer and founder of Zhikam & AK WEB', 'time': datetime.datetime(2022, 6, 27, 16, 51, 23, 386413)}
{'Name': 'Soudeh Nilforoushan', 'Location': 'London, Ontario, Canada', 'about': 'Research Assistant | Teaching Assistant at Western University', 'time': datetime.datetime(2022, 6, 27, 16, 51, 23, 386413)}
{'Name': 'Reza Danesh', 'Location': 'Montreal, Quebec, Canada', 'about': 'Software Project Manager', 'time': datetime.datetime(2022, 6, 27, 16, 51, 23, 386413)}
{'Name': 'maryam saeedi', 'Location': 'Mashhad County, Razavi Khorasan Province, Iran', 'about': 'Masters Student at Amirkabir University of Technology - Tehran Polytechnic', 'time': datetime.datetime(2022, 6, 27, 16, 51, 23, 386413)}
{'Name': 'Mohadeseh Roghangarha', 'Location': 'Iran', 'about': 'Research Assistant at Amirkabir University of Technology - Tehran Polytechnic', 'time': datetime.datetime(2022, 6, 27, 16, 51, 23, 386413)}
{'Name': 'Gita Sarafraz', 'Location': 'Iran', 'about': 'Student at Sharif University of Technology', 'time': datetime.datetime(2022, 6, 27, 16, 51, 23, 386413)}
